<?xml version="1.0" encoding="UTF-8"?>
<testsuites>
  <testsuite name="Testtest" file="C:\xampp2\htdocs\Software-Engineering\StratizenVote\application\tests\models\Test_test.php" tests="2" assertions="2" failures="0" errors="0" time="0.190899">
    <testcase name="test_StudentNumberExists" class="Testtest" file="C:\xampp2\htdocs\Software-Engineering\StratizenVote\application\tests\models\Test_test.php" line="12" assertions="1" time="0.152550"/>
    <testcase name="testEmpty" class="Testtest" file="C:\xampp2\htdocs\Software-Engineering\StratizenVote\application\tests\models\Test_test.php" line="17" assertions="1" time="0.038349"/>
  </testsuite>
</testsuites>
