<?xml version="1.0" encoding="UTF-8"?>
<testsuites>
  <testsuite name="Auth_model_test" file="C:\xampp2\htdocs\Software-Engineering\StratizenVote\application\tests\models\Auth_model_test.php" tests="2" assertions="6" failures="1" errors="0" time="0.339297">
    <testcase name="test_studentNumberExists" class="Auth_model_test" file="C:\xampp2\htdocs\Software-Engineering\StratizenVote\application\tests\models\Auth_model_test.php" line="13" assertions="2" time="0.092650"/>
    <testcase name="test_userAuthentic" class="Auth_model_test" file="C:\xampp2\htdocs\Software-Engineering\StratizenVote\application\tests\models\Auth_model_test.php" line="21" assertions="4" time="0.246647">
      <failure type="PHPUnit_Framework_ExpectationFailedException">Auth_model_test::test_userAuthentic
stdClass Object &amp;00000000368d726c00000000620584ec (
    'studentNumber' =&gt; 100000
    'password' =&gt; 'giradifatha'
    'student_name' =&gt; 'Kivuguto Hubert'
) is not instance of expected class "Student".
--- Expected
+++ Actual
@@ @@
-Student Object &amp;00000000368d726d00000000620584ec (
-    'studentNumber' =&gt; null
+stdClass Object &amp;00000000368d726c00000000620584ec (
+    'studentNumber' =&gt; 100000
     'password' =&gt; 'giradifatha'
     'student_name' =&gt; 'Kivuguto Hubert'
-    'student_No' =&gt; '100000'
 )

C:\xampp2\htdocs\Software-Engineering\StratizenVote\application\tests\models\Auth_model_test.php:36
</failure>
    </testcase>
  </testsuite>
</testsuites>
